{"total": {"lines":{"total":245,"covered":13,"skipped":0,"pct":5.3},"statements":{"total":253,"covered":13,"skipped":0,"pct":5.13},"functions":{"total":73,"covered":1,"skipped":0,"pct":1.36},"branches":{"total":92,"covered":0,"skipped":0,"pct":0},"branchesTrue":{"total":0,"covered":0,"skipped":0,"pct":100}}
,"/home/devmir/Trybe/projetos/front-end/sd-020-b-project-recipes-app/src/App.js": {"lines":{"total":1,"covered":1,"skipped":0,"pct":100},"functions":{"total":1,"covered":1,"skipped":0,"pct":100},"statements":{"total":1,"covered":1,"skipped":0,"pct":100},"branches":{"total":0,"covered":0,"skipped":0,"pct":100}}
,"/home/devmir/Trybe/projetos/front-end/sd-020-b-project-recipes-app/src/components/Card.jsx": {"lines":{"total":15,"covered":1,"skipped":0,"pct":6.66},"functions":{"total":2,"covered":0,"skipped":0,"pct":0},"statements":{"total":15,"covered":1,"skipped":0,"pct":6.66},"branches":{"total":4,"covered":0,"skipped":0,"pct":0}}
,"/home/devmir/Trybe/projetos/front-end/sd-020-b-project-recipes-app/src/components/Footer.jsx": {"lines":{"total":1,"covered":0,"skipped":0,"pct":0},"functions":{"total":1,"covered":0,"skipped":0,"pct":0},"statements":{"total":1,"covered":0,"skipped":0,"pct":0},"branches":{"total":0,"covered":0,"skipped":0,"pct":100}}
,"/home/devmir/Trybe/projetos/front-end/sd-020-b-project-recipes-app/src/components/Header.jsx": {"lines":{"total":17,"covered":1,"skipped":0,"pct":5.88},"functions":{"total":8,"covered":0,"skipped":0,"pct":0},"statements":{"total":17,"covered":1,"skipped":0,"pct":5.88},"branches":{"total":8,"covered":0,"skipped":0,"pct":0}}
,"/home/devmir/Trybe/projetos/front-end/sd-020-b-project-recipes-app/src/components/IngredientCard.jsx": {"lines":{"total":13,"covered":0,"skipped":0,"pct":0},"functions":{"total":2,"covered":0,"skipped":0,"pct":0},"statements":{"total":13,"covered":0,"skipped":0,"pct":0},"branches":{"total":4,"covered":0,"skipped":0,"pct":0}}
,"/home/devmir/Trybe/projetos/front-end/sd-020-b-project-recipes-app/src/context/RecipesContext.js": {"lines":{"total":1,"covered":1,"skipped":0,"pct":100},"functions":{"total":0,"covered":0,"skipped":0,"pct":100},"statements":{"total":1,"covered":1,"skipped":0,"pct":100},"branches":{"total":0,"covered":0,"skipped":0,"pct":100}}
,"/home/devmir/Trybe/projetos/front-end/sd-020-b-project-recipes-app/src/context/RecipesProvider.js": {"lines":{"total":53,"covered":0,"skipped":0,"pct":0},"functions":{"total":12,"covered":0,"skipped":0,"pct":0},"statements":{"total":53,"covered":0,"skipped":0,"pct":0},"branches":{"total":14,"covered":0,"skipped":0,"pct":0}}
,"/home/devmir/Trybe/projetos/front-end/sd-020-b-project-recipes-app/src/pages/DoneRecipes.jsx": {"lines":{"total":1,"covered":0,"skipped":0,"pct":0},"functions":{"total":1,"covered":0,"skipped":0,"pct":0},"statements":{"total":1,"covered":0,"skipped":0,"pct":0},"branches":{"total":0,"covered":0,"skipped":0,"pct":100}}
,"/home/devmir/Trybe/projetos/front-end/sd-020-b-project-recipes-app/src/pages/Drinks.jsx": {"lines":{"total":13,"covered":0,"skipped":0,"pct":0},"functions":{"total":4,"covered":0,"skipped":0,"pct":0},"statements":{"total":13,"covered":0,"skipped":0,"pct":0},"branches":{"total":6,"covered":0,"skipped":0,"pct":0}}
,"/home/devmir/Trybe/projetos/front-end/sd-020-b-project-recipes-app/src/pages/Explore.jsx": {"lines":{"total":1,"covered":0,"skipped":0,"pct":0},"functions":{"total":1,"covered":0,"skipped":0,"pct":0},"statements":{"total":1,"covered":0,"skipped":0,"pct":0},"branches":{"total":0,"covered":0,"skipped":0,"pct":100}}
,"/home/devmir/Trybe/projetos/front-end/sd-020-b-project-recipes-app/src/pages/ExploreDrinks.jsx": {"lines":{"total":7,"covered":1,"skipped":0,"pct":14.28},"functions":{"total":2,"covered":0,"skipped":0,"pct":0},"statements":{"total":8,"covered":1,"skipped":0,"pct":12.5},"branches":{"total":2,"covered":0,"skipped":0,"pct":0}}
,"/home/devmir/Trybe/projetos/front-end/sd-020-b-project-recipes-app/src/pages/ExploreFoods.jsx": {"lines":{"total":7,"covered":1,"skipped":0,"pct":14.28},"functions":{"total":2,"covered":0,"skipped":0,"pct":0},"statements":{"total":8,"covered":1,"skipped":0,"pct":12.5},"branches":{"total":2,"covered":0,"skipped":0,"pct":0}}
,"/home/devmir/Trybe/projetos/front-end/sd-020-b-project-recipes-app/src/pages/ExploreIngredients.jsx": {"lines":{"total":20,"covered":3,"skipped":0,"pct":15},"functions":{"total":7,"covered":0,"skipped":0,"pct":0},"statements":{"total":22,"covered":3,"skipped":0,"pct":13.63},"branches":{"total":6,"covered":0,"skipped":0,"pct":0}}
,"/home/devmir/Trybe/projetos/front-end/sd-020-b-project-recipes-app/src/pages/FavoriteRecipes.jsx": {"lines":{"total":1,"covered":0,"skipped":0,"pct":0},"functions":{"total":1,"covered":0,"skipped":0,"pct":0},"statements":{"total":1,"covered":0,"skipped":0,"pct":0},"branches":{"total":0,"covered":0,"skipped":0,"pct":100}}
,"/home/devmir/Trybe/projetos/front-end/sd-020-b-project-recipes-app/src/pages/Foods.jsx": {"lines":{"total":15,"covered":0,"skipped":0,"pct":0},"functions":{"total":6,"covered":0,"skipped":0,"pct":0},"statements":{"total":15,"covered":0,"skipped":0,"pct":0},"branches":{"total":10,"covered":0,"skipped":0,"pct":0}}
,"/home/devmir/Trybe/projetos/front-end/sd-020-b-project-recipes-app/src/pages/FoodsDetails.jsx": {"lines":{"total":28,"covered":1,"skipped":0,"pct":3.57},"functions":{"total":7,"covered":0,"skipped":0,"pct":0},"statements":{"total":29,"covered":1,"skipped":0,"pct":3.44},"branches":{"total":18,"covered":0,"skipped":0,"pct":0}}
,"/home/devmir/Trybe/projetos/front-end/sd-020-b-project-recipes-app/src/pages/FoodsNationalities.jsx": {"lines":{"total":1,"covered":0,"skipped":0,"pct":0},"functions":{"total":1,"covered":0,"skipped":0,"pct":0},"statements":{"total":1,"covered":0,"skipped":0,"pct":0},"branches":{"total":0,"covered":0,"skipped":0,"pct":100}}
,"/home/devmir/Trybe/projetos/front-end/sd-020-b-project-recipes-app/src/pages/InProgress.jsx": {"lines":{"total":28,"covered":1,"skipped":0,"pct":3.57},"functions":{"total":7,"covered":0,"skipped":0,"pct":0},"statements":{"total":29,"covered":1,"skipped":0,"pct":3.44},"branches":{"total":16,"covered":0,"skipped":0,"pct":0}}
,"/home/devmir/Trybe/projetos/front-end/sd-020-b-project-recipes-app/src/pages/Login.js": {"lines":{"total":15,"covered":1,"skipped":0,"pct":6.66},"functions":{"total":6,"covered":0,"skipped":0,"pct":0},"statements":{"total":17,"covered":1,"skipped":0,"pct":5.88},"branches":{"total":2,"covered":0,"skipped":0,"pct":0}}
,"/home/devmir/Trybe/projetos/front-end/sd-020-b-project-recipes-app/src/pages/Profile.jsx": {"lines":{"total":7,"covered":1,"skipped":0,"pct":14.28},"functions":{"total":2,"covered":0,"skipped":0,"pct":0},"statements":{"total":7,"covered":1,"skipped":0,"pct":14.28},"branches":{"total":0,"covered":0,"skipped":0,"pct":100}}
}
